[debug] [2021-08-16T14:14:14.129Z] ----------------------------------------------------------------------
[debug] [2021-08-16T14:14:14.131Z] Command:       C:\Program Files\nodejs\node.exe C:\Users\forle\AppData\Roaming\npm\node_modules\firebase-tools\lib\bin\firebase.js init
[debug] [2021-08-16T14:14:14.131Z] CLI Version:   9.16.5
[debug] [2021-08-16T14:14:14.131Z] Platform:      win32
[debug] [2021-08-16T14:14:14.132Z] Node Version:  v14.17.0
[debug] [2021-08-16T14:14:14.132Z] Time:          Mon Aug 16 2021 17:14:14 GMT+0300 (GMT+03:00)
[debug] [2021-08-16T14:14:14.132Z] ----------------------------------------------------------------------
[debug] 
[debug] [2021-08-16T14:14:14.138Z] > command requires scopes: ["email","openid","https://www.googleapis.com/auth/cloudplatformprojects.readonly","https://www.googleapis.com/auth/firebase","https://www.googleapis.com/auth/cloud-platform"]
[debug] [2021-08-16T14:14:14.138Z] > authorizing via signed-in user (cxg2520@gmail.com)
[info] 
     ######## #### ########  ######## ########     ###     ######  ########
     ##        ##  ##     ## ##       ##     ##  ##   ##  ##       ##
     ######    ##  ########  ######   ########  #########  ######  ######
     ##        ##  ##    ##  ##       ##     ## ##     ##       ## ##
     ##       #### ##     ## ######## ########  ##     ##  ######  ########

You're about to initialize a Firebase project in this directory:

  C:\duthris-netflix-clone

Before we get started, keep in mind:

  * You are currently outside your home directory

